<?xml version="1.0" encoding="UTF-8"?>
<testsuite name="com.bridgelabz.Genericstest5" tests="3" skipped="0" failures="0" errors="0" timestamp="2021-03-16T07:59:42" hostname="DESKTOP-0UM0A7N" time="0.154">
  <properties/>
  <testcase name="given_strings_check_maximum()" classname="com.bridgelabz.Genericstest5" time="0.117"/>
  <testcase name="given_integers_check_maximum()" classname="com.bridgelabz.Genericstest5" time="0.014"/>
  <testcase name="given_float_check_maximum()" classname="com.bridgelabz.Genericstest5" time="0.007"/>
  <system-out><![CDATA[]]></system-out>
  <system-err><![CDATA[]]></system-err>
</testsuite>
